  Game.cpp
c:\users\gameuser\desktop\space\spacestationrescue\spacestationrescue\BasicAI.h(71): warning C4305: 'initializing': truncation from 'double' to 'float'
c:\users\gameuser\desktop\space\spacestationrescue\spacestationrescue\BasicAI.h(72): warning C4305: 'initializing': truncation from 'double' to 'float'
Game.cpp(5): warning C4244: 'argument': conversion from 'time_t' to 'unsigned int', possible loss of data
Game.cpp(95): warning C4018: '<': signed/unsigned mismatch
Game.cpp(101): warning C4018: '<': signed/unsigned mismatch
Game.cpp(126): warning C4018: '<': signed/unsigned mismatch
Game.cpp(131): warning C4018: '<': signed/unsigned mismatch
Game.cpp(140): warning C4018: '<': signed/unsigned mismatch
Game.cpp(145): warning C4018: '<': signed/unsigned mismatch
Game.cpp(159): warning C4018: '<': signed/unsigned mismatch
Game.cpp(164): warning C4018: '<': signed/unsigned mismatch
Game.cpp(191): warning C4244: 'argument': conversion from 'double' to 'float', possible loss of data
Game.cpp(207): warning C4018: '<': signed/unsigned mismatch
Game.cpp(214): warning C4018: '<': signed/unsigned mismatch
Game.cpp(219): warning C4018: '<': signed/unsigned mismatch
Game.cpp(227): warning C4018: '<': signed/unsigned mismatch
Game.cpp(232): warning C4018: '<': signed/unsigned mismatch
Game.cpp(237): warning C4018: '<': signed/unsigned mismatch
Game.cpp(242): warning C4018: '<': signed/unsigned mismatch
Game.cpp(250): warning C4018: '<': signed/unsigned mismatch
Game.cpp(260): warning C4018: '<': signed/unsigned mismatch
Game.cpp(267): warning C4018: '<': signed/unsigned mismatch
Game.cpp(272): warning C4018: '<': signed/unsigned mismatch
Game.cpp(277): warning C4018: '<': signed/unsigned mismatch
Game.cpp(287): warning C4018: '<': signed/unsigned mismatch
Game.cpp(292): warning C4018: '<': signed/unsigned mismatch
Game.cpp(300): warning C4018: '<': signed/unsigned mismatch
Game.cpp(325): warning C4244: 'argument': conversion from 'int' to 'float', possible loss of data
  Generating code
  1 of 1343 functions ( 0.1%) were compiled, the rest were copied from previous compilation.
    0 functions were new in current compilation
    27 functions had inline decision re-evaluated but remain unchanged
  Finished generating code
  SpaceStationRescue.vcxproj -> C:\Users\gameuser\Desktop\Space\SpaceStationRescue\SpaceStationRescue\Release\SpaceStationRescue.exe
