  Worker.cpp
  Wall.cpp
  Sweeper.cpp
  SoundManager.cpp
  Radar.cpp
  Predator.cpp
  PowerUp.cpp
  Player.cpp
d:\aiproject\player\spacestationrescue\spacestationrescue\basicgameobject.h(5): fatal error C1083: Cannot open include file: 'SFML\Graphics.hpp': No such file or directory
  Nest.cpp
  main.cpp
d:\aiproject\player\spacestationrescue\spacestationrescue\game.h(3): fatal error C1083: Cannot open include file: 'SFML/Graphics.hpp': No such file or directory
  Level.cpp
  Interceptor.cpp
  InputHandler.cpp
  Game.cpp
d:\aiproject\player\spacestationrescue\spacestationrescue\game.h(3): fatal error C1083: Cannot open include file: 'SFML/Graphics.hpp': No such file or directory
  Explosion.cpp
  Bullet.cpp
  BasicGameObject.cpp
d:\aiproject\player\spacestationrescue\spacestationrescue\basicgameobject.h(5): fatal error C1083: Cannot open include file: 'SFML\Graphics.hpp': No such file or directory
  BasicAI.cpp
  Generating Code...
