d:\aiproject\playerupload\spacestationrescue\spacestationrescue\debug\vc141.pdb
d:\aiproject\playerupload\spacestationrescue\spacestationrescue\debug\vc141.idb
d:\aiproject\playerupload\spacestationrescue\spacestationrescue\debug\basicai.obj
d:\aiproject\playerupload\spacestationrescue\spacestationrescue\debug\basicgameobject.obj
d:\aiproject\playerupload\spacestationrescue\spacestationrescue\debug\bullet.obj
d:\aiproject\playerupload\spacestationrescue\spacestationrescue\debug\explosion.obj
d:\aiproject\playerupload\spacestationrescue\spacestationrescue\debug\game.obj
d:\aiproject\playerupload\spacestationrescue\spacestationrescue\debug\inputhandler.obj
d:\aiproject\playerupload\spacestationrescue\spacestationrescue\debug\interceptor.obj
d:\aiproject\playerupload\spacestationrescue\spacestationrescue\debug\level.obj
d:\aiproject\playerupload\spacestationrescue\spacestationrescue\debug\main.obj
d:\aiproject\playerupload\spacestationrescue\spacestationrescue\debug\nest.obj
d:\aiproject\playerupload\spacestationrescue\spacestationrescue\debug\player.obj
d:\aiproject\playerupload\spacestationrescue\spacestationrescue\debug\powerup.obj
d:\aiproject\playerupload\spacestationrescue\spacestationrescue\debug\predator.obj
d:\aiproject\playerupload\spacestationrescue\spacestationrescue\debug\radar.obj
d:\aiproject\playerupload\spacestationrescue\spacestationrescue\debug\soundmanager.obj
d:\aiproject\playerupload\spacestationrescue\spacestationrescue\debug\sweeper.obj
d:\aiproject\playerupload\spacestationrescue\spacestationrescue\debug\wall.obj
d:\aiproject\playerupload\spacestationrescue\spacestationrescue\debug\worker.obj
d:\aiproject\master\spacestationrescue\spacestationrescue\debug\vc141.pdb
d:\aiproject\master\spacestationrescue\spacestationrescue\debug\vc141.idb
d:\aiproject\master\spacestationrescue\spacestationrescue\debug\explosion.obj
d:\aiproject\master\spacestationrescue\spacestationrescue\debug\inputhandler.obj
d:\aiproject\master\spacestationrescue\spacestationrescue\debug\interceptor.obj
d:\aiproject\master\spacestationrescue\spacestationrescue\debug\level.obj
d:\aiproject\master\spacestationrescue\spacestationrescue\debug\nest.obj
d:\aiproject\master\spacestationrescue\spacestationrescue\debug\powerup.obj
d:\aiproject\master\spacestationrescue\spacestationrescue\debug\predator.obj
d:\aiproject\master\spacestationrescue\spacestationrescue\debug\radar.obj
d:\aiproject\master\spacestationrescue\spacestationrescue\debug\soundmanager.obj
d:\aiproject\master\spacestationrescue\spacestationrescue\debug\sweeper.obj
d:\aiproject\master\spacestationrescue\spacestationrescue\debug\wall.obj
d:\aiproject\master\spacestationrescue\spacestationrescue\debug\game.obj
d:\aiproject\master\spacestationrescue\spacestationrescue\debug\player.obj
d:\aiproject\master\spacestationrescue\spacestationrescue\debug\basicai.obj
d:\aiproject\master\spacestationrescue\spacestationrescue\debug\basicgameobject.obj
d:\aiproject\master\spacestationrescue\spacestationrescue\debug\bullet.obj
d:\aiproject\master\spacestationrescue\spacestationrescue\debug\worker.obj
d:\aiproject\master\spacestationrescue\spacestationrescue\debug\main.obj
c:\users\idakev\desktop\spacestationrescue\debug\vc141.pdb
c:\users\idakev\desktop\spacestationrescue\debug\vc141.idb
c:\users\idakev\desktop\spacestationrescue\debug\basicai.obj
c:\users\idakev\desktop\spacestationrescue\debug\basicgameobject.obj
c:\users\idakev\desktop\spacestationrescue\debug\bullet.obj
c:\users\idakev\desktop\spacestationrescue\debug\explosion.obj
c:\users\idakev\desktop\spacestationrescue\debug\game.obj
c:\users\idakev\desktop\spacestationrescue\debug\inputhandler.obj
c:\users\idakev\desktop\spacestationrescue\debug\interceptor.obj
c:\users\idakev\desktop\spacestationrescue\debug\level.obj
c:\users\idakev\desktop\spacestationrescue\debug\main.obj
c:\users\idakev\desktop\spacestationrescue\debug\nest.obj
c:\users\idakev\desktop\spacestationrescue\debug\player.obj
c:\users\idakev\desktop\spacestationrescue\debug\powerup.obj
c:\users\idakev\desktop\spacestationrescue\debug\predator.obj
c:\users\idakev\desktop\spacestationrescue\debug\radar.obj
c:\users\idakev\desktop\spacestationrescue\debug\soundmanager.obj
c:\users\idakev\desktop\spacestationrescue\debug\sweeper.obj
c:\users\idakev\desktop\spacestationrescue\debug\wall.obj
c:\users\idakev\desktop\spacestationrescue\debug\worker.obj
c:\users\idakev\desktop\new\spacestationrescue\debug\vc141.pdb
c:\users\idakev\desktop\new\spacestationrescue\debug\vc141.idb
c:\users\idakev\desktop\new\spacestationrescue\debug\basicai.obj
c:\users\idakev\desktop\new\spacestationrescue\debug\basicgameobject.obj
c:\users\idakev\desktop\new\spacestationrescue\debug\bullet.obj
c:\users\idakev\desktop\new\spacestationrescue\debug\explosion.obj
c:\users\idakev\desktop\new\spacestationrescue\debug\game.obj
c:\users\idakev\desktop\new\spacestationrescue\debug\inputhandler.obj
c:\users\idakev\desktop\new\spacestationrescue\debug\interceptor.obj
c:\users\idakev\desktop\new\spacestationrescue\debug\level.obj
c:\users\idakev\desktop\new\spacestationrescue\debug\main.obj
c:\users\idakev\desktop\new\spacestationrescue\debug\nest.obj
c:\users\idakev\desktop\new\spacestationrescue\debug\player.obj
c:\users\idakev\desktop\new\spacestationrescue\debug\powerup.obj
c:\users\idakev\desktop\new\spacestationrescue\debug\predator.obj
c:\users\idakev\desktop\new\spacestationrescue\debug\radar.obj
c:\users\idakev\desktop\new\spacestationrescue\debug\soundmanager.obj
c:\users\idakev\desktop\new\spacestationrescue\debug\sweeper.obj
c:\users\idakev\desktop\new\spacestationrescue\debug\wall.obj
c:\users\idakev\desktop\new\spacestationrescue\debug\worker.obj
d:\aiproject\spacestationrescue\debug\vc141.pdb
d:\aiproject\spacestationrescue\debug\vc141.idb
d:\aiproject\spacestationrescue\debug\basicai.obj
d:\aiproject\spacestationrescue\debug\basicgameobject.obj
d:\aiproject\spacestationrescue\debug\bullet.obj
d:\aiproject\spacestationrescue\debug\explosion.obj
d:\aiproject\spacestationrescue\debug\game.obj
d:\aiproject\spacestationrescue\debug\inputhandler.obj
d:\aiproject\spacestationrescue\debug\interceptor.obj
d:\aiproject\spacestationrescue\debug\level.obj
d:\aiproject\spacestationrescue\debug\main.obj
d:\aiproject\spacestationrescue\debug\nest.obj
d:\aiproject\spacestationrescue\debug\player.obj
d:\aiproject\spacestationrescue\debug\powerup.obj
d:\aiproject\spacestationrescue\debug\predator.obj
d:\aiproject\spacestationrescue\debug\radar.obj
d:\aiproject\spacestationrescue\debug\soundmanager.obj
d:\aiproject\spacestationrescue\debug\sweeper.obj
d:\aiproject\spacestationrescue\debug\wall.obj
d:\aiproject\spacestationrescue\debug\worker.obj
d:\aiproject\map\spacestationrescue\spacestationrescue\debug\vc141.pdb
d:\aiproject\map\spacestationrescue\spacestationrescue\debug\vc141.idb
d:\aiproject\map\spacestationrescue\spacestationrescue\debug\basicai.obj
d:\aiproject\map\spacestationrescue\spacestationrescue\debug\basicgameobject.obj
d:\aiproject\map\spacestationrescue\spacestationrescue\debug\bullet.obj
d:\aiproject\map\spacestationrescue\spacestationrescue\debug\explosion.obj
d:\aiproject\map\spacestationrescue\spacestationrescue\debug\game.obj
d:\aiproject\map\spacestationrescue\spacestationrescue\debug\inputhandler.obj
d:\aiproject\map\spacestationrescue\spacestationrescue\debug\interceptor.obj
d:\aiproject\map\spacestationrescue\spacestationrescue\debug\level.obj
d:\aiproject\map\spacestationrescue\spacestationrescue\debug\main.obj
d:\aiproject\map\spacestationrescue\spacestationrescue\debug\nest.obj
d:\aiproject\map\spacestationrescue\spacestationrescue\debug\player.obj
d:\aiproject\map\spacestationrescue\spacestationrescue\debug\powerup.obj
d:\aiproject\map\spacestationrescue\spacestationrescue\debug\predator.obj
d:\aiproject\map\spacestationrescue\spacestationrescue\debug\radar.obj
d:\aiproject\map\spacestationrescue\spacestationrescue\debug\soundmanager.obj
d:\aiproject\map\spacestationrescue\spacestationrescue\debug\sweeper.obj
d:\aiproject\map\spacestationrescue\spacestationrescue\debug\wall.obj
d:\aiproject\map\spacestationrescue\spacestationrescue\debug\worker.obj
c:\users\gameuser\desktop\aiproject\master\spacestationrescue\spacestationrescue\debug\vc141.pdb
c:\users\gameuser\desktop\aiproject\master\spacestationrescue\spacestationrescue\debug\vc141.idb
c:\users\gameuser\desktop\aiproject\master\spacestationrescue\spacestationrescue\debug\basicai.obj
c:\users\gameuser\desktop\aiproject\master\spacestationrescue\spacestationrescue\debug\basicgameobject.obj
c:\users\gameuser\desktop\aiproject\master\spacestationrescue\spacestationrescue\debug\bullet.obj
c:\users\gameuser\desktop\aiproject\master\spacestationrescue\spacestationrescue\debug\explosion.obj
c:\users\gameuser\desktop\aiproject\master\spacestationrescue\spacestationrescue\debug\inputhandler.obj
c:\users\gameuser\desktop\aiproject\master\spacestationrescue\spacestationrescue\debug\interceptor.obj
c:\users\gameuser\desktop\aiproject\master\spacestationrescue\spacestationrescue\debug\level.obj
c:\users\gameuser\desktop\aiproject\master\spacestationrescue\spacestationrescue\debug\nest.obj
c:\users\gameuser\desktop\aiproject\master\spacestationrescue\spacestationrescue\debug\player.obj
c:\users\gameuser\desktop\aiproject\master\spacestationrescue\spacestationrescue\debug\powerup.obj
c:\users\gameuser\desktop\aiproject\master\spacestationrescue\spacestationrescue\debug\predator.obj
c:\users\gameuser\desktop\aiproject\master\spacestationrescue\spacestationrescue\debug\radar.obj
c:\users\gameuser\desktop\aiproject\master\spacestationrescue\spacestationrescue\debug\soundmanager.obj
c:\users\gameuser\desktop\aiproject\master\spacestationrescue\spacestationrescue\debug\sweeper.obj
c:\users\gameuser\desktop\aiproject\master\spacestationrescue\spacestationrescue\debug\worker.obj
d:\aiproject\playerupload\spacestationrescue\spacestationrescue\debug\spacestationrescue.exe
d:\aiproject\playerupload\spacestationrescue\spacestationrescue\debug\spacestationrescue.ilk
d:\aiproject\playerupload\spacestationrescue\spacestationrescue\debug\spacestationrescue.pdb
d:\aiproject\master\spacestationrescue\spacestationrescue\debug\spacestationrescue.exe
d:\aiproject\master\spacestationrescue\spacestationrescue\debug\spacestationrescue.ilk
d:\aiproject\master\spacestationrescue\spacestationrescue\debug\spacestationrescue.pdb
c:\users\idakev\desktop\spacestationrescue\debug\spacestationrescue.exe
c:\users\idakev\desktop\spacestationrescue\debug\spacestationrescue.ilk
c:\users\idakev\desktop\spacestationrescue\debug\spacestationrescue.pdb
c:\users\idakev\desktop\new\spacestationrescue\debug\spacestationrescue.exe
c:\users\idakev\desktop\new\spacestationrescue\debug\spacestationrescue.ilk
c:\users\idakev\desktop\new\spacestationrescue\debug\spacestationrescue.pdb
d:\aiproject\spacestationrescue\debug\spacestationrescue.exe
d:\aiproject\spacestationrescue\debug\spacestationrescue.ilk
d:\aiproject\spacestationrescue\debug\spacestationrescue.pdb
d:\aiproject\map\spacestationrescue\spacestationrescue\debug\spacestationrescue.exe
d:\aiproject\map\spacestationrescue\spacestationrescue\debug\spacestationrescue.ilk
d:\aiproject\map\spacestationrescue\spacestationrescue\debug\spacestationrescue.pdb
c:\users\gameuser\desktop\aiproject\master\spacestationrescue\spacestationrescue\debug\spacestationrescue.ilk
c:\users\gameuser\desktop\aiproject\master\spacestationrescue\spacestationrescue\debug\spacestationrescue.pdb
c:\users\gameuser\desktop\aiproject\master\spacestationrescue\spacestationrescue\debug\spacestationrescue.exe
c:\users\gameuser\desktop\aiproject\master\spacestationrescue\spacestationrescue\debug\spacesta.cc16ac26.tlog\cl.command.1.tlog
c:\users\gameuser\desktop\aiproject\master\spacestationrescue\spacestationrescue\debug\spacesta.cc16ac26.tlog\cl.read.1.tlog
c:\users\gameuser\desktop\aiproject\master\spacestationrescue\spacestationrescue\debug\spacesta.cc16ac26.tlog\cl.write.1.tlog
c:\users\gameuser\desktop\aiproject\master\spacestationrescue\spacestationrescue\debug\spacesta.cc16ac26.tlog\link.command.1.tlog
c:\users\gameuser\desktop\aiproject\master\spacestationrescue\spacestationrescue\debug\spacesta.cc16ac26.tlog\link.read.1.tlog
c:\users\gameuser\desktop\aiproject\master\spacestationrescue\spacestationrescue\debug\spacesta.cc16ac26.tlog\link.write.1.tlog
